{"C:\\Users\\manip\\Desktop\\Mission Ready HQ\\MISSION READY LEVEL 5\\Missions L5\\Mission-1\\L5MissionOne\\api.js": {"path":"C:\\Users\\manip\\Desktop\\Mission Ready HQ\\MISSION READY LEVEL 5\\Missions L5\\Mission-1\\L5MissionOne\\api.js","statementMap":{"0":{"start":{"line":2,"column":16},"end":{"line":2,"column":34}},"1":{"start":{"line":3,"column":12},"end":{"line":3,"column":21}},"2":{"start":{"line":4,"column":13},"end":{"line":4,"column":28}},"3":{"start":{"line":6,"column":0},"end":{"line":6,"column":24}},"4":{"start":{"line":7,"column":0},"end":{"line":7,"column":16}},"5":{"start":{"line":10,"column":17},"end":{"line":13,"column":1}},"6":{"start":{"line":16,"column":20},"end":{"line":16,"column":44}},"7":{"start":{"line":17,"column":0},"end":{"line":17,"column":44}},"8":{"start":{"line":21,"column":2},"end":{"line":52,"column":3}},"9":{"start":{"line":29,"column":4},"end":{"line":37,"column":6}},"10":{"start":{"line":33,"column":25},"end":{"line":33,"column":50}},"11":{"start":{"line":34,"column":30},"end":{"line":34,"column":39}},"12":{"start":{"line":38,"column":9},"end":{"line":52,"column":3}},"13":{"start":{"line":39,"column":4},"end":{"line":39,"column":55}},"14":{"start":{"line":40,"column":9},"end":{"line":52,"column":3}},"15":{"start":{"line":41,"column":4},"end":{"line":41,"column":54}},"16":{"start":{"line":42,"column":9},"end":{"line":52,"column":3}},"17":{"start":{"line":43,"column":4},"end":{"line":43,"column":63}},"18":{"start":{"line":44,"column":9},"end":{"line":52,"column":3}},"19":{"start":{"line":45,"column":4},"end":{"line":45,"column":55}},"20":{"start":{"line":46,"column":9},"end":{"line":52,"column":3}},"21":{"start":{"line":47,"column":4},"end":{"line":47,"column":55}},"22":{"start":{"line":48,"column":9},"end":{"line":52,"column":3}},"23":{"start":{"line":49,"column":4},"end":{"line":49,"column":66}},"24":{"start":{"line":50,"column":9},"end":{"line":52,"column":3}},"25":{"start":{"line":51,"column":4},"end":{"line":51,"column":70}},"26":{"start":{"line":56,"column":0},"end":{"line":61,"column":2}},"27":{"start":{"line":63,"column":0},"end":{"line":63,"column":30}}},"fnMap":{"0":{"name":"findCarValue","decl":{"start":{"line":20,"column":9},"end":{"line":20,"column":21}},"loc":{"start":{"line":20,"column":35},"end":{"line":53,"column":1}},"line":20},"1":{"name":"(anonymous_1)","decl":{"start":{"line":33,"column":13},"end":{"line":33,"column":14}},"loc":{"start":{"line":33,"column":25},"end":{"line":33,"column":50}},"line":33},"2":{"name":"(anonymous_2)","decl":{"start":{"line":34,"column":16},"end":{"line":34,"column":17}},"loc":{"start":{"line":34,"column":30},"end":{"line":34,"column":39}},"line":34}},"branchMap":{"0":{"loc":{"start":{"line":21,"column":2},"end":{"line":52,"column":3}},"type":"if","locations":[{"start":{"line":21,"column":2},"end":{"line":52,"column":3}},{"start":{"line":38,"column":9},"end":{"line":52,"column":3}}],"line":21},"1":{"loc":{"start":{"line":22,"column":4},"end":{"line":26,"column":23}},"type":"binary-expr","locations":[{"start":{"line":22,"column":4},"end":{"line":22,"column":29}},{"start":{"line":23,"column":4},"end":{"line":23,"column":35}},{"start":{"line":24,"column":4},"end":{"line":24,"column":28}},{"start":{"line":25,"column":4},"end":{"line":25,"column":16}},{"start":{"line":26,"column":4},"end":{"line":26,"column":23}}],"line":22},"2":{"loc":{"start":{"line":38,"column":9},"end":{"line":52,"column":3}},"type":"if","locations":[{"start":{"line":38,"column":9},"end":{"line":52,"column":3}},{"start":{"line":40,"column":9},"end":{"line":52,"column":3}}],"line":38},"3":{"loc":{"start":{"line":38,"column":13},"end":{"line":38,"column":66}},"type":"binary-expr","locations":[{"start":{"line":38,"column":13},"end":{"line":38,"column":38}},{"start":{"line":38,"column":42},"end":{"line":38,"column":66}}],"line":38},"4":{"loc":{"start":{"line":40,"column":9},"end":{"line":52,"column":3}},"type":"if","locations":[{"start":{"line":40,"column":9},"end":{"line":52,"column":3}},{"start":{"line":42,"column":9},"end":{"line":52,"column":3}}],"line":40},"5":{"loc":{"start":{"line":40,"column":13},"end":{"line":40,"column":66}},"type":"binary-expr","locations":[{"start":{"line":40,"column":13},"end":{"line":40,"column":38}},{"start":{"line":40,"column":42},"end":{"line":40,"column":66}}],"line":40},"6":{"loc":{"start":{"line":42,"column":9},"end":{"line":52,"column":3}},"type":"if","locations":[{"start":{"line":42,"column":9},"end":{"line":52,"column":3}},{"start":{"line":44,"column":9},"end":{"line":52,"column":3}}],"line":42},"7":{"loc":{"start":{"line":42,"column":13},"end":{"line":42,"column":54}},"type":"binary-expr","locations":[{"start":{"line":42,"column":13},"end":{"line":42,"column":26}},{"start":{"line":42,"column":30},"end":{"line":42,"column":54}}],"line":42},"8":{"loc":{"start":{"line":44,"column":9},"end":{"line":52,"column":3}},"type":"if","locations":[{"start":{"line":44,"column":9},"end":{"line":52,"column":3}},{"start":{"line":46,"column":9},"end":{"line":52,"column":3}}],"line":44},"9":{"loc":{"start":{"line":44,"column":13},"end":{"line":44,"column":65}},"type":"binary-expr","locations":[{"start":{"line":44,"column":13},"end":{"line":44,"column":38}},{"start":{"line":44,"column":42},"end":{"line":44,"column":53}},{"start":{"line":44,"column":57},"end":{"line":44,"column":65}}],"line":44},"10":{"loc":{"start":{"line":46,"column":9},"end":{"line":52,"column":3}},"type":"if","locations":[{"start":{"line":46,"column":9},"end":{"line":52,"column":3}},{"start":{"line":48,"column":9},"end":{"line":52,"column":3}}],"line":46},"11":{"loc":{"start":{"line":46,"column":13},"end":{"line":46,"column":60}},"type":"binary-expr","locations":[{"start":{"line":46,"column":13},"end":{"line":46,"column":38}},{"start":{"line":46,"column":42},"end":{"line":46,"column":60}}],"line":46},"12":{"loc":{"start":{"line":48,"column":9},"end":{"line":52,"column":3}},"type":"if","locations":[{"start":{"line":48,"column":9},"end":{"line":52,"column":3}},{"start":{"line":50,"column":9},"end":{"line":52,"column":3}}],"line":48},"13":{"loc":{"start":{"line":48,"column":13},"end":{"line":48,"column":50}},"type":"binary-expr","locations":[{"start":{"line":48,"column":13},"end":{"line":48,"column":38}},{"start":{"line":48,"column":42},"end":{"line":48,"column":50}}],"line":48},"14":{"loc":{"start":{"line":50,"column":9},"end":{"line":52,"column":3}},"type":"if","locations":[{"start":{"line":50,"column":9},"end":{"line":52,"column":3}},{"start":{},"end":{}}],"line":50},"15":{"loc":{"start":{"line":50,"column":13},"end":{"line":50,"column":73}},"type":"binary-expr","locations":[{"start":{"line":50,"column":13},"end":{"line":50,"column":45}},{"start":{"line":50,"column":49},"end":{"line":50,"column":73}}],"line":50}},"s":{"0":1,"1":1,"2":1,"3":1,"4":1,"5":1,"6":1,"7":1,"8":9,"9":2,"10":10,"11":8,"12":7,"13":1,"14":6,"15":1,"16":5,"17":1,"18":4,"19":1,"20":3,"21":1,"22":2,"23":1,"24":1,"25":1,"26":1,"27":1},"f":{"0":9,"1":10,"2":8},"b":{"0":[2,7],"1":[9,8,6,5,3],"2":[1,6],"3":[7,1],"4":[1,5],"5":[6,6],"6":[1,4],"7":[5,1],"8":[1,3],"9":[4,4,2],"10":[1,2],"11":[3,3],"12":[1,1],"13":[2,2],"14":[1,0],"15":[1,1]},"_coverageSchema":"1a1c01bbd47fc00a2c39e90264f33305004495a9","hash":"308258bc757c1e242c1f2a16fab1c04964e9c2a8"}
}
