TN:
SF:api.js
FN:20,findCarValue
FN:33,(anonymous_1)
FN:34,(anonymous_2)
FNF:3
FNH:3
FNDA:9,findCarValue
FNDA:10,(anonymous_1)
FNDA:8,(anonymous_2)
DA:2,1
DA:3,1
DA:4,1
DA:6,1
DA:7,1
DA:10,1
DA:16,1
DA:17,1
DA:21,9
DA:29,2
DA:33,10
DA:34,8
DA:38,7
DA:39,1
DA:40,6
DA:41,1
DA:42,5
DA:43,1
DA:44,4
DA:45,1
DA:46,3
DA:47,1
DA:48,2
DA:49,1
DA:50,1
DA:51,1
DA:56,1
DA:63,1
LF:28
LH:28
BRDA:21,0,0,2
BRDA:21,0,1,7
BRDA:22,1,0,9
BRDA:22,1,1,8
BRDA:22,1,2,6
BRDA:22,1,3,5
BRDA:22,1,4,3
BRDA:38,2,0,1
BRDA:38,2,1,6
BRDA:38,3,0,7
BRDA:38,3,1,1
BRDA:40,4,0,1
BRDA:40,4,1,5
BRDA:40,5,0,6
BRDA:40,5,1,6
BRDA:42,6,0,1
BRDA:42,6,1,4
BRDA:42,7,0,5
BRDA:42,7,1,1
BRDA:44,8,0,1
BRDA:44,8,1,3
BRDA:44,9,0,4
BRDA:44,9,1,4
BRDA:44,9,2,2
BRDA:46,10,0,1
BRDA:46,10,1,2
BRDA:46,11,0,3
BRDA:46,11,1,3
BRDA:48,12,0,1
BRDA:48,12,1,1
BRDA:48,13,0,2
BRDA:48,13,1,2
BRDA:50,14,0,1
BRDA:50,14,1,0
BRDA:50,15,0,1
BRDA:50,15,1,1
BRF:36
BRH:35
end_of_record
